
Configurando construcción (Modo: CPU)
🔧 Ejecutando CMake...
-- OpenMP found: -fopenmp
-- Configuring done (0.0s)
-- Generating done (0.0s)
-- Build files have been written to: /home/lupo/Music/VIT/build
🛠️  Compilando proyecto...
[ 50%] Building CXX object CMakeFiles/main.dir/main.cpp.o
[100%] Linking CXX executable main
[100%] Built target main
Ejecutando programa...
Epoch 1/5
[DEBUG] preds | shape: (128, 10) | size: 1280
[DEBUG] preds values (first 20): 0.00329726 0.00674431 0.31528 0.100116 0.397812 0.128428 0.00983862 0.0011865 0.0350709 0.00222618 0.00945497 0.0337213 0.106 0.160893 0.461833 0.10828 0.0566159 0.00410846 0.0362813 0.0228117 
[DEBUG] y_onehot | shape: (128, 10) | size: 1280
[DEBUG] y_onehot values (first 20): 1 0 0 0 0 0 0 0 0 0 0 0 1 0 0 0 0 0 0 0 
  Batch 1/8 | Loss: 3.8607 | Accuracy: 8.5938%
[DEBUG] preds | shape: (128, 10) | size: 1280
[DEBUG] preds values (first 20): 0.0395 0.0624 0.1316 0.1500 0.1445 0.1757 0.1637 0.0302 0.0529 0.0497 0.0035 0.0197 0.1710 0.2925 0.1198 0.0759 0.0588 0.0082 0.2456 0.0051 
[DEBUG] y_onehot | shape: (128, 10) | size: 1280
[DEBUG] y_onehot values (first 20): 0.0000 0.0000 0.0000 0.0000 0.0000 0.0000 1.0000 0.0000 0.0000 0.0000 0.0000 0.0000 1.0000 0.0000 0.0000 0.0000 0.0000 0.0000 0.0000 0.0000 
  Batch 2/8 | Loss: 3.4387 | Accuracy: 8.5938%
[DEBUG] preds | shape: (128, 10) | size: 1280
[DEBUG] preds values (first 20): 0.0162 0.0906 0.0075 0.0313 0.0710 0.7040 0.0686 0.0005 0.0065 0.0037 0.0116 0.0451 0.0467 0.0947 0.2143 0.4978 0.0301 0.0023 0.0328 0.0245 
[DEBUG] y_onehot | shape: (128, 10) | size: 1280
[DEBUG] y_onehot values (first 20): 0.0000 0.0000 0.0000 0.0000 0.0000 0.0000 0.0000 0.0000 1.0000 0.0000 0.0000 0.0000 0.0000 0.0000 0.0000 1.0000 0.0000 0.0000 0.0000 0.0000 
  Batch 3/8 | Loss: 3.0689 | Accuracy: 10.9375%
[DEBUG] preds | shape: (128, 10) | size: 1280
[DEBUG] preds values (first 20): 0.0000 0.0197 0.0030 0.2326 0.0023 0.6498 0.0731 0.0038 0.0062 0.0094 0.0593 0.0677 0.1420 0.0813 0.1009 0.2232 0.2400 0.0357 0.0322 0.0177 
[DEBUG] y_onehot | shape: (128, 10) | size: 1280
[DEBUG] y_onehot values (first 20): 0.0000 0.0000 0.0000 0.0000 0.0000 0.0000 0.0000 0.0000 0.0000 1.0000 0.0000 0.0000 1.0000 0.0000 0.0000 0.0000 0.0000 0.0000 0.0000 0.0000 
  Batch 4/8 | Loss: 2.9014 | Accuracy: 10.9375%
[DEBUG] preds | shape: (128, 10) | size: 1280
[DEBUG] preds values (first 20): 0.0185 0.0689 0.0835 0.0729 0.1839 0.1915 0.1589 0.0415 0.1008 0.0795 0.0163 0.0500 0.0812 0.0751 0.0981 0.3812 0.1624 0.0139 0.0423 0.0795 
[DEBUG] y_onehot | shape: (128, 10) | size: 1280
[DEBUG] y_onehot values (first 20): 0.0000 0.0000 0.0000 0.0000 0.0000 1.0000 0.0000 0.0000 0.0000 0.0000 0.0000 0.0000 0.0000 0.0000 0.0000 1.0000 0.0000 0.0000 0.0000 0.0000 
  Batch 5/8 | Loss: 2.7542 | Accuracy: 11.7188%
[DEBUG] preds | shape: (128, 10) | size: 1280
[DEBUG] preds values (first 20): 0.0461 0.0571 0.1050 0.1135 0.1904 0.0866 0.1193 0.0451 0.1883 0.0485 0.0142 0.0627 0.1233 0.0177 0.0410 0.3750 0.0590 0.1282 0.1441 0.0349 
[DEBUG] y_onehot | shape: (128, 10) | size: 1280
[DEBUG] y_onehot values (first 20): 0.0000 0.0000 0.0000 1.0000 0.0000 0.0000 0.0000 0.0000 0.0000 0.0000 0.0000 0.0000 0.0000 0.0000 0.0000 0.0000 0.0000 1.0000 0.0000 0.0000 
  Batch 6/8 | Loss: 2.5511 | Accuracy: 15.6250%
[DEBUG] preds | shape: (128, 10) | size: 1280
[DEBUG] preds values (first 20): 0.1568 0.1943 0.1724 0.0659 0.0922 0.0243 0.0647 0.0688 0.0803 0.0804 0.0288 0.0287 0.0728 0.4326 0.1575 0.0845 0.0246 0.0573 0.0901 0.0230 
[DEBUG] y_onehot | shape: (128, 10) | size: 1280
[DEBUG] y_onehot values (first 20): 0.0000 0.0000 0.0000 0.0000 0.0000 0.0000 0.0000 0.0000 1.0000 0.0000 1.0000 0.0000 0.0000 0.0000 0.0000 0.0000 0.0000 0.0000 0.0000 0.0000 
  Batch 7/8 | Loss: 2.5430 | Accuracy: 14.0625%
[DEBUG] preds | shape: (104, 10) | size: 1040
[DEBUG] preds values (first 20): 0.2330 0.0593 0.0516 0.1727 0.1199 0.0366 0.0744 0.1221 0.0906 0.0399 0.2206 0.1051 0.0321 0.1230 0.0972 0.0511 0.0719 0.1371 0.0940 0.0678 
[DEBUG] y_onehot | shape: (104, 10) | size: 1040
[DEBUG] y_onehot values (first 20): 1.0000 0.0000 0.0000 0.0000 0.0000 0.0000 0.0000 0.0000 0.0000 0.0000 0.0000 0.0000 0.0000 0.0000 1.0000 0.0000 0.0000 0.0000 0.0000 0.0000 
  Batch 8/8 | Loss: 2.5288 | Accuracy: 9.6154%
Train Loss: 2.9558 | Accuracy: 11.2605% | Time: 5.8337 s
🔍 [EVAL] Cargando batch 1/8...
🔍 [EVAL] Cargando batch 2/8...
🔍 [EVAL] Cargando batch 3/8...
🔍 [EVAL] Cargando batch 4/8...
🔍 [EVAL] Cargando batch 5/8...
🔍 [EVAL] Cargando batch 6/8...
🔍 [EVAL] Cargando batch 7/8...
🔍 [EVAL] Cargando batch 8/8...
Val Loss: 2.5118 | Accuracy: 12.3498%
✅ [EVAL] Finalizado  
Epoch 2/5
[DEBUG] preds | shape: (128, 10) | size: 1280
[DEBUG] preds values (first 20): 0.0341 0.0607 0.0648 0.0929 0.2555 0.0955 0.1746 0.0546 0.1279 0.0394 0.0118 0.2153 0.0231 0.3806 0.0946 0.0614 0.0452 0.1390 0.0181 0.0109 
[DEBUG] y_onehot | shape: (128, 10) | size: 1280
[DEBUG] y_onehot values (first 20): 0.0000 0.0000 0.0000 0.0000 0.0000 0.0000 0.0000 0.0000 1.0000 0.0000 0.0000 0.0000 0.0000 0.0000 0.0000 0.0000 0.0000 0.0000 0.0000 1.0000 
  Batch 1/8 | Loss: 2.6016 | Accuracy: 8.5938%
[DEBUG] preds | shape: (128, 10) | size: 1280
[DEBUG] preds values (first 20): 0.0603 0.0982 0.1068 0.0894 0.0772 0.2657 0.0421 0.1388 0.0717 0.0498 0.1277 0.1260 0.0834 0.0854 0.0554 0.0498 0.1861 0.1864 0.0429 0.0569 
[DEBUG] y_onehot | shape: (128, 10) | size: 1280
[DEBUG] y_onehot values (first 20): 0.0000 0.0000 0.0000 0.0000 0.0000 0.0000 0.0000 1.0000 0.0000 0.0000 0.0000 0.0000 0.0000 0.0000 1.0000 0.0000 0.0000 0.0000 0.0000 0.0000 
  Batch 2/8 | Loss: 2.5820 | Accuracy: 10.9375%
[DEBUG] preds | shape: (128, 10) | size: 1280
[DEBUG] preds values (first 20): 0.1020 0.0370 0.0957 0.0503 0.1367 0.0714 0.0801 0.1144 0.2079 0.1046 0.0029 0.0146 0.0065 0.3220 0.0092 0.5009 0.0041 0.0582 0.0745 0.0072 
[DEBUG] y_onehot | shape: (128, 10) | size: 1280
[DEBUG] y_onehot values (first 20): 0.0000 0.0000 0.0000 1.0000 0.0000 0.0000 0.0000 0.0000 0.0000 0.0000 0.0000 0.0000 0.0000 0.0000 0.0000 0.0000 0.0000 0.0000 0.0000 1.0000 
  Batch 3/8 | Loss: 2.3999 | Accuracy: 18.7500%
[DEBUG] preds | shape: (128, 10) | size: 1280
[DEBUG] preds values (first 20): 0.1507 0.0284 0.0552 0.0476 0.2114 0.0593 0.0588 0.1337 0.1556 0.0994 0.0414 0.1044 0.1125 0.1085 0.0683 0.1328 0.0357 0.2689 0.0909 0.0367 
[DEBUG] y_onehot | shape: (128, 10) | size: 1280
[DEBUG] y_onehot values (first 20): 0.0000 0.0000 0.0000 0.0000 0.0000 0.0000 1.0000 0.0000 0.0000 0.0000 0.0000 0.0000 0.0000 0.0000 0.0000 0.0000 0.0000 1.0000 0.0000 0.0000 
  Batch 4/8 | Loss: 2.4953 | Accuracy: 15.6250%
[DEBUG] preds | shape: (128, 10) | size: 1280
[DEBUG] preds values (first 20): 0.0395 0.0653 0.0276 0.1705 0.3540 0.0412 0.0492 0.0862 0.1201 0.0463 0.0697 0.1289 0.0333 0.0785 0.1001 0.1118 0.2143 0.0944 0.0303 0.1385 
[DEBUG] y_onehot | shape: (128, 10) | size: 1280
[DEBUG] y_onehot values (first 20): 0.0000 0.0000 1.0000 0.0000 0.0000 0.0000 0.0000 0.0000 0.0000 0.0000 0.0000 0.0000 0.0000 0.0000 0.0000 0.0000 0.0000 0.0000 1.0000 0.0000 
  Batch 5/8 | Loss: 2.4397 | Accuracy: 21.8750%
[DEBUG] preds | shape: (128, 10) | size: 1280
[DEBUG] preds values (first 20): 0.0970 0.0702 0.0457 0.1144 0.1431 0.0359 0.1391 0.1222 0.1579 0.0745 0.0920 0.0683 0.0591 0.0697 0.1927 0.0810 0.0350 0.1287 0.2179 0.0556 
[DEBUG] y_onehot | shape: (128, 10) | size: 1280
[DEBUG] y_onehot values (first 20): 1.0000 0.0000 0.0000 0.0000 0.0000 0.0000 0.0000 0.0000 0.0000 0.0000 0.0000 0.0000 0.0000 0.0000 0.0000 0.0000 1.0000 0.0000 0.0000 0.0000 
  Batch 6/8 | Loss: 2.5642 | Accuracy: 12.5000%
[DEBUG] preds | shape: (128, 10) | size: 1280
[DEBUG] preds values (first 20): 0.0027 0.0615 0.0927 0.0335 0.0241 0.6062 0.0082 0.0569 0.0563 0.0580 0.0844 0.1110 0.1483 0.0815 0.1446 0.0451 0.0762 0.0729 0.1278 0.1083 
[DEBUG] y_onehot | shape: (128, 10) | size: 1280
[DEBUG] y_onehot values (first 20): 0.0000 0.0000 0.0000 0.0000 0.0000 0.0000 0.0000 1.0000 0.0000 0.0000 0.0000 0.0000 0.0000 1.0000 0.0000 0.0000 0.0000 0.0000 0.0000 0.0000 
  Batch 7/8 | Loss: 2.4091 | Accuracy: 15.6250%
[DEBUG] preds | shape: (104, 10) | size: 1040
[DEBUG] preds values (first 20): 0.0647 0.0629 0.0794 0.0420 0.0485 0.1154 0.3091 0.1162 0.0564 0.1054 0.1058 0.0328 0.0503 0.2735 0.1455 0.1208 0.1483 0.0556 0.0355 0.0319 
[DEBUG] y_onehot | shape: (104, 10) | size: 1040
[DEBUG] y_onehot values (first 20): 0.0000 0.0000 0.0000 0.0000 0.0000 0.0000 1.0000 0.0000 0.0000 0.0000 1.0000 0.0000 0.0000 0.0000 0.0000 0.0000 0.0000 0.0000 0.0000 0.0000 
  Batch 8/8 | Loss: 2.3117 | Accuracy: 22.1154%
Train Loss: 2.4754 | Accuracy: 15.7527% | Time: 5.6191 s
🔍 [EVAL] Cargando batch 1/8...
🔍 [EVAL] Cargando batch 2/8...
🔍 [EVAL] Cargando batch 3/8...
🔍 [EVAL] Cargando batch 4/8...
🔍 [EVAL] Cargando batch 5/8...
🔍 [EVAL] Cargando batch 6/8...
🔍 [EVAL] Cargando batch 7/8...
🔍 [EVAL] Cargando batch 8/8...
Val Loss: 2.5131 | Accuracy: 10.7422%
✅ [EVAL] Finalizado  
Epoch 3/5
[DEBUG] preds | shape: (128, 10) | size: 1280
[DEBUG] preds values (first 20): 0.0426 0.0664 0.1078 0.2822 0.0437 0.0966 0.0823 0.0718 0.1069 0.0998 0.1082 0.0342 0.0795 0.1460 0.0997 0.0421 0.2414 0.1048 0.0345 0.1096 
[DEBUG] y_onehot | shape: (128, 10) | size: 1280
[DEBUG] y_onehot values (first 20): 0.0000 0.0000 0.0000 0.0000 0.0000 0.0000 0.0000 0.0000 0.0000 1.0000 0.0000 0.0000 1.0000 0.0000 0.0000 0.0000 0.0000 0.0000 0.0000 0.0000 
  Batch 1/8 | Loss: 2.2995 | Accuracy: 14.8438%
[DEBUG] preds | shape: (128, 10) | size: 1280
[DEBUG] preds values (first 20): 0.2380 0.1372 0.0373 0.0661 0.1280 0.0450 0.0844 0.0491 0.0600 0.1549 0.1028 0.2241 0.0445 0.0615 0.1021 0.1477 0.1210 0.1415 0.0349 0.0201 
[DEBUG] y_onehot | shape: (128, 10) | size: 1280
[DEBUG] y_onehot values (first 20): 0.0000 0.0000 0.0000 0.0000 1.0000 0.0000 0.0000 0.0000 0.0000 0.0000 0.0000 0.0000 0.0000 0.0000 0.0000 0.0000 0.0000 0.0000 1.0000 0.0000 
  Batch 2/8 | Loss: 2.3252 | Accuracy: 16.4062%
[DEBUG] preds | shape: (128, 10) | size: 1280
[DEBUG] preds values (first 20): 0.0181 0.0868 0.0389 0.0397 0.1212 0.1186 0.0096 0.3268 0.0283 0.2120 0.0732 0.0214 0.0456 0.2996 0.2490 0.0611 0.0838 0.0408 0.0394 0.0861 
[DEBUG] y_onehot | shape: (128, 10) | size: 1280
[DEBUG] y_onehot values (first 20): 0.0000 0.0000 0.0000 0.0000 0.0000 0.0000 0.0000 0.0000 1.0000 0.0000 0.0000 0.0000 0.0000 1.0000 0.0000 0.0000 0.0000 0.0000 0.0000 0.0000 
  Batch 3/8 | Loss: 2.3974 | Accuracy: 10.9375%
[DEBUG] preds | shape: (128, 10) | size: 1280
[DEBUG] preds values (first 20): 0.1207 0.1324 0.0656 0.0847 0.0960 0.0947 0.1268 0.1423 0.0822 0.0546 0.0281 0.1171 0.0403 0.1201 0.1115 0.0501 0.0877 0.1296 0.2746 0.0408 
[DEBUG] y_onehot | shape: (128, 10) | size: 1280
[DEBUG] y_onehot values (first 20): 0.0000 0.0000 0.0000 1.0000 0.0000 0.0000 0.0000 0.0000 0.0000 0.0000 0.0000 0.0000 1.0000 0.0000 0.0000 0.0000 0.0000 0.0000 0.0000 0.0000 
  Batch 4/8 | Loss: 2.3542 | Accuracy: 14.8438%
[DEBUG] preds | shape: (128, 10) | size: 1280
[DEBUG] preds values (first 20): 0.1572 0.1196 0.0783 0.0701 0.1319 0.0598 0.1854 0.0431 0.0432 0.1113 0.0697 0.1257 0.0895 0.1241 0.1723 0.0511 0.0878 0.1114 0.0573 0.1111 
[DEBUG] y_onehot | shape: (128, 10) | size: 1280
[DEBUG] y_onehot values (first 20): 0.0000 0.0000 0.0000 0.0000 0.0000 0.0000 1.0000 0.0000 0.0000 0.0000 0.0000 1.0000 0.0000 0.0000 0.0000 0.0000 0.0000 0.0000 0.0000 0.0000 
  Batch 5/8 | Loss: 2.3673 | Accuracy: 13.2812%
[DEBUG] preds | shape: (128, 10) | size: 1280
[DEBUG] preds values (first 20): 0.1982 0.0840 0.0536 0.0251 0.1655 0.0977 0.1975 0.0481 0.1045 0.0259 0.0597 0.0442 0.1853 0.0803 0.0750 0.0320 0.0461 0.0925 0.1334 0.2515 
[DEBUG] y_onehot | shape: (128, 10) | size: 1280
[DEBUG] y_onehot values (first 20): 0.0000 0.0000 0.0000 1.0000 0.0000 0.0000 0.0000 0.0000 0.0000 0.0000 0.0000 0.0000 0.0000 0.0000 1.0000 0.0000 0.0000 0.0000 0.0000 0.0000 
  Batch 6/8 | Loss: 2.4219 | Accuracy: 14.8438%
[DEBUG] preds | shape: (128, 10) | size: 1280
[DEBUG] preds values (first 20): 0.0523 0.2352 0.0787 0.0598 0.0361 0.1361 0.1329 0.0869 0.0865 0.0956 0.0625 0.1087 0.0296 0.0294 0.0464 0.0636 0.1150 0.1745 0.1319 0.2385 
[DEBUG] y_onehot | shape: (128, 10) | size: 1280
[DEBUG] y_onehot values (first 20): 0.0000 1.0000 0.0000 0.0000 0.0000 0.0000 0.0000 0.0000 0.0000 0.0000 0.0000 0.0000 0.0000 0.0000 0.0000 1.0000 0.0000 0.0000 0.0000 0.0000 
  Batch 7/8 | Loss: 2.2762 | Accuracy: 12.5000%
[DEBUG] preds | shape: (104, 10) | size: 1040
[DEBUG] preds values (first 20): 0.2420 0.0733 0.0449 0.0720 0.0903 0.0657 0.1091 0.1576 0.0758 0.0693 0.0156 0.1738 0.0628 0.1796 0.0201 0.0376 0.0235 0.1955 0.2061 0.0854 
[DEBUG] y_onehot | shape: (104, 10) | size: 1040
[DEBUG] y_onehot values (first 20): 1.0000 0.0000 0.0000 0.0000 0.0000 0.0000 0.0000 0.0000 0.0000 0.0000 0.0000 0.0000 0.0000 0.0000 0.0000 1.0000 0.0000 0.0000 0.0000 0.0000 
  Batch 8/8 | Loss: 2.3262 | Accuracy: 20.1923%
Train Loss: 2.3460 | Accuracy: 14.7311% | Time: 5.4848 s
🔍 [EVAL] Cargando batch 1/8...
🔍 [EVAL] Cargando batch 2/8...
🔍 [EVAL] Cargando batch 3/8...
🔍 [EVAL] Cargando batch 4/8...
🔍 [EVAL] Cargando batch 5/8...
🔍 [EVAL] Cargando batch 6/8...
🔍 [EVAL] Cargando batch 7/8...
🔍 [EVAL] Cargando batch 8/8...
Val Loss: 2.4265 | Accuracy: 14.7536%
✅ [EVAL] Finalizado  
Epoch 4/5
[DEBUG] preds | shape: (128, 10) | size: 1280
[DEBUG] preds values (first 20): 0.0058 0.1087 0.0904 0.0804 0.0705 0.1968 0.0419 0.1025 0.2541 0.0489 0.0889 0.1337 0.0206 0.0811 0.0991 0.1333 0.1455 0.0304 0.1792 0.0883 
[DEBUG] y_onehot | shape: (128, 10) | size: 1280
[DEBUG] y_onehot values (first 20): 0.0000 1.0000 0.0000 0.0000 0.0000 0.0000 0.0000 0.0000 0.0000 0.0000 0.0000 0.0000 0.0000 0.0000 1.0000 0.0000 0.0000 0.0000 0.0000 0.0000 
  Batch 1/8 | Loss: 2.3999 | Accuracy: 11.7188%
[DEBUG] preds | shape: (128, 10) | size: 1280
[DEBUG] preds values (first 20): 0.0291 0.2165 0.0929 0.0573 0.0976 0.1289 0.2085 0.0715 0.0268 0.0709 0.1760 0.1506 0.1601 0.0471 0.1390 0.0702 0.0308 0.1272 0.0464 0.0526 
[DEBUG] y_onehot | shape: (128, 10) | size: 1280
[DEBUG] y_onehot values (first 20): 0.0000 0.0000 1.0000 0.0000 0.0000 0.0000 0.0000 0.0000 0.0000 0.0000 1.0000 0.0000 0.0000 0.0000 0.0000 0.0000 0.0000 0.0000 0.0000 0.0000 
  Batch 2/8 | Loss: 2.2741 | Accuracy: 14.0625%
[DEBUG] preds | shape: (128, 10) | size: 1280
[DEBUG] preds values (first 20): 0.2055 0.3071 0.1079 0.0985 0.0808 0.0218 0.0451 0.0689 0.0419 0.0224 0.0505 0.0719 0.0390 0.0552 0.0873 0.0925 0.1118 0.1768 0.1168 0.1981 
[DEBUG] y_onehot | shape: (128, 10) | size: 1280
[DEBUG] y_onehot values (first 20): 0.0000 0.0000 0.0000 1.0000 0.0000 0.0000 0.0000 0.0000 0.0000 0.0000 0.0000 0.0000 0.0000 0.0000 0.0000 0.0000 0.0000 0.0000 0.0000 1.0000 
  Batch 3/8 | Loss: 2.2440 | Accuracy: 17.1875%
[DEBUG] preds | shape: (128, 10) | size: 1280
[DEBUG] preds values (first 20): 0.0942 0.1241 0.0286 0.0435 0.0847 0.2623 0.2647 0.0318 0.0324 0.0338 0.0663 0.1315 0.1202 0.0690 0.0573 0.1181 0.1545 0.1382 0.0341 0.1109 
[DEBUG] y_onehot | shape: (128, 10) | size: 1280
[DEBUG] y_onehot values (first 20): 0.0000 0.0000 0.0000 0.0000 1.0000 0.0000 0.0000 0.0000 0.0000 0.0000 0.0000 0.0000 0.0000 0.0000 0.0000 0.0000 0.0000 1.0000 0.0000 0.0000 
  Batch 4/8 | Loss: 2.4122 | Accuracy: 11.7188%
[DEBUG] preds | shape: (128, 10) | size: 1280
[DEBUG] preds values (first 20): 0.2117 0.0158 0.1183 0.0672 0.0335 0.0962 0.3356 0.0541 0.0138 0.0538 0.2886 0.2186 0.0205 0.0125 0.0848 0.1201 0.0571 0.1356 0.0442 0.0180 
[DEBUG] y_onehot | shape: (128, 10) | size: 1280
[DEBUG] y_onehot values (first 20): 0.0000 0.0000 0.0000 0.0000 0.0000 0.0000 1.0000 0.0000 0.0000 0.0000 0.0000 0.0000 0.0000 0.0000 0.0000 0.0000 0.0000 0.0000 1.0000 0.0000 
  Batch 5/8 | Loss: 2.2697 | Accuracy: 17.9688%
[DEBUG] preds | shape: (128, 10) | size: 1280
[DEBUG] preds values (first 20): 0.0846 0.1572 0.2369 0.0217 0.0873 0.0312 0.0874 0.0670 0.1385 0.0883 0.0710 0.0381 0.0720 0.1194 0.2685 0.1334 0.0364 0.0095 0.2200 0.0317 
[DEBUG] y_onehot | shape: (128, 10) | size: 1280
[DEBUG] y_onehot values (first 20): 0.0000 0.0000 0.0000 0.0000 0.0000 0.0000 0.0000 0.0000 0.0000 1.0000 0.0000 0.0000 0.0000 0.0000 1.0000 0.0000 0.0000 0.0000 0.0000 0.0000 
  Batch 6/8 | Loss: 2.3412 | Accuracy: 18.7500%
[DEBUG] preds | shape: (128, 10) | size: 1280
[DEBUG] preds values (first 20): 0.1036 0.1122 0.0856 0.0495 0.0527 0.1849 0.0562 0.1628 0.0949 0.0975 0.2782 0.0552 0.0794 0.1335 0.0754 0.0789 0.0204 0.1463 0.0356 0.0971 
[DEBUG] y_onehot | shape: (128, 10) | size: 1280
[DEBUG] y_onehot values (first 20): 0.0000 0.0000 0.0000 0.0000 0.0000 1.0000 0.0000 0.0000 0.0000 0.0000 0.0000 0.0000 0.0000 0.0000 0.0000 1.0000 0.0000 0.0000 0.0000 0.0000 
  Batch 7/8 | Loss: 2.3448 | Accuracy: 16.4062%
[DEBUG] preds | shape: (104, 10) | size: 1040
[DEBUG] preds values (first 20): 0.1004 0.0543 0.3844 0.0054 0.0116 0.1031 0.0505 0.0237 0.0501 0.2165 0.0165 0.1354 0.0370 0.0217 0.2915 0.0838 0.1563 0.0311 0.1157 0.1111 
[DEBUG] y_onehot | shape: (104, 10) | size: 1040
[DEBUG] y_onehot values (first 20): 0.0000 0.0000 0.0000 1.0000 0.0000 0.0000 0.0000 0.0000 0.0000 0.0000 0.0000 0.0000 0.0000 0.0000 0.0000 0.0000 0.0000 0.0000 0.0000 1.0000 
  Batch 8/8 | Loss: 2.2570 | Accuracy: 23.0769%
Train Loss: 2.3179 | Accuracy: 16.3612% | Time: 5.6277 s
🔍 [EVAL] Cargando batch 1/8...
🔍 [EVAL] Cargando batch 2/8...
🔍 [EVAL] Cargando batch 3/8...
🔍 [EVAL] Cargando batch 4/8...
🔍 [EVAL] Cargando batch 5/8...
🔍 [EVAL] Cargando batch 6/8...
🔍 [EVAL] Cargando batch 7/8...
🔍 [EVAL] Cargando batch 8/8...
Val Loss: 2.2361 | Accuracy: 24.1286%
✅ [EVAL] Finalizado  
Epoch 5/5
[DEBUG] preds | shape: (128, 10) | size: 1280
[DEBUG] preds values (first 20): 0.2934 0.1658 0.0519 0.0759 0.0372 0.0285 0.0347 0.0467 0.0547 0.2112 0.1758 0.1000 0.1352 0.0615 0.0615 0.0990 0.1724 0.0790 0.0880 0.0276 
[DEBUG] y_onehot | shape: (128, 10) | size: 1280
[DEBUG] y_onehot values (first 20): 0.0000 0.0000 0.0000 0.0000 0.0000 0.0000 0.0000 0.0000 1.0000 0.0000 0.0000 0.0000 1.0000 0.0000 0.0000 0.0000 0.0000 0.0000 0.0000 0.0000 
  Batch 1/8 | Loss: 2.1736 | Accuracy: 24.2188%
[DEBUG] preds | shape: (128, 10) | size: 1280
[DEBUG] preds values (first 20): 0.0634 0.0671 0.0550 0.0947 0.0725 0.0822 0.0067 0.4918 0.0300 0.0366 0.0068 0.0329 0.1672 0.0227 0.1173 0.5189 0.0258 0.0203 0.0560 0.0321 
[DEBUG] y_onehot | shape: (128, 10) | size: 1280
[DEBUG] y_onehot values (first 20): 0.0000 0.0000 0.0000 0.0000 0.0000 0.0000 1.0000 0.0000 0.0000 0.0000 0.0000 0.0000 0.0000 0.0000 0.0000 0.0000 0.0000 0.0000 0.0000 1.0000 
  Batch 2/8 | Loss: 2.2083 | Accuracy: 18.7500%
[DEBUG] preds | shape: (128, 10) | size: 1280
[DEBUG] preds values (first 20): 0.2017 0.0921 0.0687 0.0711 0.1076 0.0385 0.0279 0.1167 0.1036 0.1720 0.1928 0.0334 0.1607 0.0288 0.0522 0.1442 0.2907 0.0122 0.0347 0.0503 
[DEBUG] y_onehot | shape: (128, 10) | size: 1280
[DEBUG] y_onehot values (first 20): 0.0000 0.0000 0.0000 0.0000 0.0000 0.0000 0.0000 0.0000 0.0000 1.0000 0.0000 0.0000 0.0000 0.0000 0.0000 0.0000 1.0000 0.0000 0.0000 0.0000 
  Batch 3/8 | Loss: 2.3026 | Accuracy: 21.8750%
[DEBUG] preds | shape: (128, 10) | size: 1280
[DEBUG] preds values (first 20): 0.1010 0.0653 0.1238 0.2113 0.0436 0.1371 0.0369 0.1217 0.0869 0.0725 0.0924 0.0874 0.1062 0.1858 0.1417 0.0380 0.1253 0.0497 0.0789 0.0945 
[DEBUG] y_onehot | shape: (128, 10) | size: 1280
[DEBUG] y_onehot values (first 20): 0.0000 0.0000 0.0000 0.0000 0.0000 1.0000 0.0000 0.0000 0.0000 0.0000 0.0000 0.0000 1.0000 0.0000 0.0000 0.0000 0.0000 0.0000 0.0000 0.0000 
  Batch 4/8 | Loss: 2.2555 | Accuracy: 19.5312%
[DEBUG] preds | shape: (128, 10) | size: 1280
[DEBUG] preds values (first 20): 0.0778 0.1892 0.0661 0.0420 0.0422 0.2661 0.0987 0.0155 0.0759 0.1265 0.1461 0.1038 0.1178 0.0214 0.0579 0.2363 0.0305 0.0976 0.1354 0.0533 
[DEBUG] y_onehot | shape: (128, 10) | size: 1280
[DEBUG] y_onehot values (first 20): 0.0000 0.0000 0.0000 0.0000 0.0000 0.0000 0.0000 1.0000 0.0000 0.0000 0.0000 0.0000 0.0000 0.0000 0.0000 0.0000 0.0000 1.0000 0.0000 0.0000 
  Batch 5/8 | Loss: 2.2844 | Accuracy: 21.8750%
[DEBUG] preds | shape: (128, 10) | size: 1280
[DEBUG] preds values (first 20): 0.1271 0.3115 0.0269 0.0118 0.1719 0.0550 0.1302 0.0441 0.0647 0.0568 0.0783 0.1845 0.0680 0.0575 0.1548 0.0469 0.0583 0.0907 0.0893 0.1717 
[DEBUG] y_onehot | shape: (128, 10) | size: 1280
[DEBUG] y_onehot values (first 20): 0.0000 0.0000 0.0000 0.0000 1.0000 0.0000 0.0000 0.0000 0.0000 0.0000 0.0000 0.0000 0.0000 0.0000 0.0000 0.0000 0.0000 0.0000 1.0000 0.0000 
  Batch 6/8 | Loss: 2.1201 | Accuracy: 24.2188%
[DEBUG] preds | shape: (128, 10) | size: 1280
[DEBUG] preds values (first 20): 0.1190 0.1608 0.1182 0.0733 0.0695 0.0612 0.1015 0.1332 0.0674 0.0959 0.0557 0.0795 0.0173 0.0623 0.3905 0.1881 0.0489 0.0635 0.0209 0.0734 
[DEBUG] y_onehot | shape: (128, 10) | size: 1280
[DEBUG] y_onehot values (first 20): 1.0000 0.0000 0.0000 0.0000 0.0000 0.0000 0.0000 0.0000 0.0000 0.0000 0.0000 0.0000 0.0000 0.0000 0.0000 0.0000 0.0000 0.0000 1.0000 0.0000 
  Batch 7/8 | Loss: 2.1463 | Accuracy: 21.8750%
[DEBUG] preds | shape: (104, 10) | size: 1040
[DEBUG] preds values (first 20): 0.0826 0.0660 0.0089 0.0175 0.0867 0.2927 0.0237 0.3549 0.0157 0.0514 0.0533 0.4512 0.0969 0.0494 0.0406 0.0476 0.0152 0.1114 0.0690 0.0654 
[DEBUG] y_onehot | shape: (104, 10) | size: 1040
[DEBUG] y_onehot values (first 20): 0.0000 0.0000 0.0000 0.0000 0.0000 0.0000 0.0000 0.0000 1.0000 0.0000 0.0000 1.0000 0.0000 0.0000 0.0000 0.0000 0.0000 0.0000 0.0000 0.0000 
  Batch 8/8 | Loss: 2.0657 | Accuracy: 25.0000%
Train Loss: 2.1945 | Accuracy: 22.1680% | Time: 6.5138 s
🔍 [EVAL] Cargando batch 1/8...
🔍 [EVAL] Cargando batch 2/8...
🔍 [EVAL] Cargando batch 3/8...
🔍 [EVAL] Cargando batch 4/8...
🔍 [EVAL] Cargando batch 5/8...
🔍 [EVAL] Cargando batch 6/8...
🔍 [EVAL] Cargando batch 7/8...
🔍 [EVAL] Cargando batch 8/8...
Val Loss: 2.1550 | Accuracy: 26.3221%
✅ [EVAL] Finalizado  

real    0m39,019s
user    6m25,271s
sys     0m5,123s
Ejecución completada (Modo: CPU)