❯ ./run.sh main bloodmnist train 20

🔧 Configuración del entorno (Modo: CPU)
🔨 Ejecutando CMake...
-- OpenMP found: -fopenmp
-- Configuring done (0.0s)
-- Generating done (0.0s)
-- Build files have been written to: /home/lupo/Documents/topicos_ia/VIT/build
📦 Compilando proyecto...
[ 50%] Building CXX object CMakeFiles/main.dir/main.cpp.o
[100%] Linking CXX executable main
[100%] Built target main
🚀 Ejecutando programa...
📊 Datos cargados:
  - Train: 11959 muestras
  - Validation: 1712 muestras
  - Test: 3421 muestras
Epoch 1/20
Train Loss: 1.5045 | Accuracy: 45.2344% | Time: 60.1767 s
Val Loss: 1.1527 | Accuracy: 60.4167%
Epoch 2/20
Train Loss: 1.0777 | Accuracy: 62.6493% | Time: 64.3698 s
Val Loss: 0.9794 | Accuracy: 65.8565%
Epoch 3/20
Train Loss: 0.9545 | Accuracy: 67.0142% | Time: 58.4466 s
Val Loss: 0.9013 | Accuracy: 68.9236%
Epoch 4/20
Train Loss: 0.8904 | Accuracy: 69.3621% | Time: 69.9416 s
Val Loss: 0.8329 | Accuracy: 71.3542%
Epoch 5/20
Train Loss: 0.8508 | Accuracy: 70.6020% | Time: 61.1614 s
Val Loss: 0.8005 | Accuracy: 72.3380%
Epoch 6/20
Train Loss: 0.8244 | Accuracy: 71.5597% | Time: 63.6528 s
Val Loss: 0.7931 | Accuracy: 71.8171%
Epoch 7/20
Train Loss: 0.8002 | Accuracy: 72.2314% | Time: 92.1583 s
Val Loss: 0.7759 | Accuracy: 72.6273%
Epoch 8/20
Train Loss: 0.7875 | Accuracy: 73.2039% | Time: 60.0442 s
Val Loss: 0.7847 | Accuracy: 73.0324%
Epoch 9/20
Train Loss: 0.7719 | Accuracy: 73.4161% | Time: 61.7423 s
Val Loss: 0.7691 | Accuracy: 73.3796%
Epoch 10/20
Train Loss: 0.7621 | Accuracy: 74.2498% | Time: 68.7287 s
Val Loss: 0.7481 | Accuracy: 72.8009%
Epoch 11/20
Train Loss: 0.7525 | Accuracy: 73.9824% | Time: 68.3136 s
Val Loss: 0.7694 | Accuracy: 72.0486%
Epoch 12/20
Train Loss: 0.7462 | Accuracy: 74.3087% | Time: 65.3324 s
Val Loss: 0.7339 | Accuracy: 74.1319%
Epoch 13/20
Train Loss: 0.7378 | Accuracy: 74.5412% | Time: 96.2028 s
Val Loss: 0.7130 | Accuracy: 73.5532%
Epoch 14/20
Train Loss: 0.7300 | Accuracy: 75.0087% | Time: 60.4055 s
Val Loss: 0.7248 | Accuracy: 73.9005%
Epoch 15/20
Train Loss: 0.7228 | Accuracy: 75.1373% | Time: 72.1805 s
Val Loss: 0.7243 | Accuracy: 74.3056%
Epoch 16/20
Train Loss: 0.7197 | Accuracy: 74.9985% | Time: 80.3928 s
Val Loss: 0.7095 | Accuracy: 75.0579%
Epoch 17/20
Train Loss: 0.7084 | Accuracy: 75.7607% | Time: 63.9692 s
Val Loss: 0.7121 | Accuracy: 74.4792%
Epoch 18/20
Train Loss: 0.7079 | Accuracy: 75.6172% | Time: 64.1059 s
Val Loss: 0.6914 | Accuracy: 75.7523%
Epoch 19/20
Train Loss: 0.6988 | Accuracy: 75.7640% | Time: 60.2616 s
Val Loss: 0.6846 | Accuracy: 76.3889%
Epoch 20/20
Train Loss: 0.6939 | Accuracy: 76.0281% | Time: 62.6005 s
Val Loss: 0.6876 | Accuracy: 75.8102%

=== Evaluación final sobre conjunto de test ===
[TEST] Final Evaluation — Loss: 0.7262 | Accuracy: 75.1954%
 - F1 Score (macro):    0.7395
 - F1 Score (weighted): 0.7517
 - Precision (macro):   0.7561
 - Recall (macro):      0.7292

📊 Per-Class Metrics:
   Class   Precision      Recall    F1 Score
--------------------------------------------
       0      0.7030      0.5820      0.6368
       1      0.7584      0.7244      0.7410
       2      0.8097      0.7524      0.7800
       3      0.5368      0.6684      0.5954
       4      0.8270      0.8066      0.8167
       5      0.6121      0.4613      0.5261
       6      0.8210      0.8468      0.8337
       7      0.9811      0.9915      0.9862

🧩 Matriz de Confusión:
       0   1   2   3   4   5   6   7
 0:  142  18   0  64   9  10   1   0
 1:    3 452   1 100   7  26  35   0
 2:   10   1 234  26  12   2  17   9
 3:   19  53  16 387  11  35  58   0
 4:   12   4   8  17 196   3   3   0
 5:   16  35   0  92   1 131   9   0
 6:    0  33  26  35   1   7 564   0
 7:    0   0   4   0   0   0   0 466

real    24m2,930s
user    290m3,220s
sys     3m6,471s
✅ Ejecución completada (Modo: CPU)